sept. 20, 2024 10:18:32 A.M. main.java.com.baticuisine.Presentation.GestionProjetsCLI start
INFOS: === Bienvenue dans l'application de gestion des projets de rénovation de cuisines ===
sept. 20, 2024 10:18:32 A.M. main.java.com.baticuisine.Presentation.GestionProjetsCLI start
INFOS: === Menu Principal ===
sept. 20, 2024 10:18:32 A.M. main.java.com.baticuisine.Presentation.GestionProjetsCLI start
INFOS: 1. Créer un nouveau projet
sept. 20, 2024 10:18:32 A.M. main.java.com.baticuisine.Presentation.GestionProjetsCLI start
INFOS: 2. Afficher les projets existants
sept. 20, 2024 10:18:32 A.M. main.java.com.baticuisine.Presentation.GestionProjetsCLI start
INFOS: 3. Calculer le coût d'un projet
sept. 20, 2024 10:18:32 A.M. main.java.com.baticuisine.Presentation.GestionProjetsCLI start
INFOS: 4. Quitter
sept. 20, 2024 10:18:32 A.M. main.java.com.baticuisine.Presentation.GestionProjetsCLI start
INFOS: Choisissez une option : 
sept. 20, 2024 10:19:15 A.M. main.java.com.baticuisine.Presentation.GestionProjetsCLI start
INFOS: --- Création d'un Nouveau Projet ---
sept. 20, 2024 10:19:15 A.M. main.java.com.baticuisine.Presentation.GestionProjetsCLI start
INFOS: Entrez le nom du projet : 
sept. 20, 2024 10:54:57 A.M. main.java.com.baticuisine.Presentation.GestionProjetsCLI start
INFOS: === Bienvenue dans l'application de gestion des projets de rénovation de cuisines ===
sept. 20, 2024 10:54:57 A.M. main.java.com.baticuisine.Presentation.GestionProjetsCLI start
INFOS: === Menu Principal ===
sept. 20, 2024 10:54:57 A.M. main.java.com.baticuisine.Presentation.GestionProjetsCLI start
INFOS: 1. Créer un nouveau projet
sept. 20, 2024 10:54:57 A.M. main.java.com.baticuisine.Presentation.GestionProjetsCLI start
INFOS: 2. Afficher les projets existants
sept. 20, 2024 10:54:57 A.M. main.java.com.baticuisine.Presentation.GestionProjetsCLI start
INFOS: 3. Calculer le coût d'un projet
sept. 20, 2024 10:54:57 A.M. main.java.com.baticuisine.Presentation.GestionProjetsCLI start
INFOS: 4. Quitter
sept. 20, 2024 10:54:57 A.M. main.java.com.baticuisine.Presentation.GestionProjetsCLI start
INFOS: Choisissez une option : 
sept. 20, 2024 10:58:15 A.M. main.java.com.baticuisine.Presentation.GestionProjetsCLI start
INFOS: === Bienvenue dans l'application de gestion des projets de rénovation de cuisines ===
sept. 20, 2024 10:58:15 A.M. main.java.com.baticuisine.Presentation.GestionProjetsCLI start
INFOS: === Menu Principal ===
sept. 20, 2024 10:58:15 A.M. main.java.com.baticuisine.Presentation.GestionProjetsCLI start
INFOS: 1. Créer un nouveau projet
sept. 20, 2024 10:58:15 A.M. main.java.com.baticuisine.Presentation.GestionProjetsCLI start
INFOS: 2. Afficher les projets existants
sept. 20, 2024 10:58:15 A.M. main.java.com.baticuisine.Presentation.GestionProjetsCLI start
INFOS: 3. Calculer le coût d'un projet
sept. 20, 2024 10:58:15 A.M. main.java.com.baticuisine.Presentation.GestionProjetsCLI start
INFOS: 4. Quitter
sept. 20, 2024 10:58:15 A.M. main.java.com.baticuisine.Presentation.GestionProjetsCLI start
INFOS: Choisissez une option : 
